<?xml version="1.0" encoding="UTF-8"?>
<testsuite xmlns:xsi="http://www.w3.org/2001/XMLSchema-instance" xsi:noNamespaceSchemaLocation="https://maven.apache.org/surefire/maven-surefire-plugin/xsd/surefire-test-report.xsd" version="3.0.2" name="org.alianza.backendalianza_fo.controller.ClientControllerTest" time="3.634" tests="4" errors="0" skipped="0" failures="0">
  <properties>
[...]
</properties>
  <testcase name="getClientsBySharedKey" classname="org.alianza.backendalianza_fo.controller.ClientControllerTest" time="3.483"/>
  <testcase name="create" classname="org.alianza.backendalianza_fo.controller.ClientControllerTest" time="0.026"/>
  <testcase name="getClientsBySharedKeyListEmpty" classname="org.alianza.backendalianza_fo.controller.ClientControllerTest" time="0.012"/>
  <testcase name="getAllClients" classname="org.alianza.backendalianza_fo.controller.ClientControllerTest" time="0.012"/>
</testsuite>